<?xml version="1.0" encoding="UTF-8"?>
<!-- Generated by org.testng.reporters.JUnitReportReporter -->
<testsuite skipped="0" hostname="LAPTOP-08I2AB7A" name="project.TestClass" tests="1" failures="0" timestamp="29 Sep 2021 11:24:50 GMT" time="49.100" errors="0">
  <testcase name="test" time="49.100" classname="project.TestClass"/>
</testsuite> <!-- project.TestClass -->
